<?xml version="1.0" encoding="UTF-8"?>
<!-- Generated by org.testng.reporters.JUnitReportReporter -->
<testsuite hostname="WIN-G5SCJU3N5TM" failures="0" tests="1" name="testcases.SubmitOrderUsingPageObjectsTest" time="5.467" errors="0" timestamp="2024-09-29T06:36:18 IST" skipped="0">
  <testcase classname="testcases.SubmitOrderUsingPageObjectsTest" name="submitOrder" time="5.467"/>
</testsuite> <!-- testcases.SubmitOrderUsingPageObjectsTest -->
