<?xml version="1.0" encoding="UTF-8"?>
<!-- Generated by org.testng.reporters.JUnitReportReporter -->
<testsuite hostname="WIN-G5SCJU3N5TM" failures="0" tests="1" name="testcases.LoginErrorValidationTest" time="2.796" errors="0" timestamp="2024-09-29T06:57:42 IST" skipped="0">
  <testcase classname="testcases.LoginErrorValidationTest" name="errorValidation" time="2.796"/>
</testsuite> <!-- testcases.LoginErrorValidationTest -->
